[周日 2024/09/15 16:32:05.12] 删除工作空间：123.code-workspace 
[周日 2024/09/15 16:48:41.85] 删除工作空间：123.code-workspace 
[周日 2024/09/15 16:49:11.55] 删除工作空间：123.code-workspace 
[周日 2024/09/15 16:50:50.89] 删除工作空间：test.code-workspace 
[周日 2024/09/15 16:51:15.72] 删除工作空间：test.code-workspace 
[周日 2024/09/15 16:54:44.12] 删除工作空间：test.code-workspace 
[周日 2024/09/15 17:06:24.91] 删除工作空间：test.code-workspace 
[周日 2024/09/15 17:25:35.12] 创建工作空间：wwsw.code-workspace 
[周日 2024/09/15 17:34:07.78] 创建工作空间：tes.code-workspace 
[周日 2024/09/15 17:37:32.48] 创建工作空间：uu.code-workspace 
[周日 2024/09/15 17:38:37.84] 创建工作空间：erer.code-workspace 
[周日 2024/09/15 17:40:02.66] 创建工作空间：312.code-workspace 
[周日 2024/09/15 17:42:05.43] 创建工作空间：321.code-workspace 
[周日 2024/09/15 17:52:49.84] 删除工作空间：321.code-workspace 
[周日 2024/09/15 17:53:00.51] 删除工作空间：321.code-workspace 
[周日 2024/09/15 17:53:06.92] 删除工作空间：312.code-workspace 
[周日 2024/09/15 17:55:39.46] 创建工作空间：123.code-workspace 
[周日 2024/09/15 17:57:56.97] 创建工作空间：423.code-workspace 
[周日 2024/09/15 17:58:58.88] 删除工作空间：!WORKSPACE_NAME! 
[周日 2024/09/15 17:59:02.79] 删除工作空间：!WORKSPACE_NAME! 
[周日 2024/09/15 17:59:05.40] 删除工作空间：!WORKSPACE_NAME! 
[周日 2024/09/15 18:05:36.25] 删除项目目录：D:\\AI_Research\\WS-HUB\\WS-tes 
[周日 2024/09/15 18:05:56.84] 删除项目目录：D:\\AI_Research\\WS-HUB\\WS-test 
[周日 2024/09/15 18:08:12.56] 删除项目目录：D:\\AI_Research\\WS-HUB\\WS-erer 
